2023-04-09T14:53:40.647+07:00  INFO 14304 --- [restartedMain] com.ff.FierceFashionsApplication         : Starting FierceFashionsApplication using Java 19.0.1 with PID 14304 (E:\SpringTool\BackEnd-Fierce-Fashions\target\classes started by Minh Tran in E:\SpringTool\BackEnd-Fierce-Fashions)
2023-04-09T14:53:40.649+07:00  INFO 14304 --- [restartedMain] com.ff.FierceFashionsApplication         : No active profile set, falling back to 1 default profile: "default"
2023-04-09T14:53:40.691+07:00  INFO 14304 --- [restartedMain] .e.DevToolsPropertyDefaultsPostProcessor : Devtools property defaults active! Set 'spring.devtools.add-properties' to 'false' to disable
2023-04-09T14:53:40.692+07:00  INFO 14304 --- [restartedMain] .e.DevToolsPropertyDefaultsPostProcessor : For additional web related logging consider setting the 'logging.level.web' property to 'DEBUG'
2023-04-09T14:53:41.441+07:00  INFO 14304 --- [restartedMain] .s.d.r.c.RepositoryConfigurationDelegate : Bootstrapping Spring Data JPA repositories in DEFAULT mode.
2023-04-09T14:53:41.499+07:00  INFO 14304 --- [restartedMain] .s.d.r.c.RepositoryConfigurationDelegate : Finished Spring Data repository scanning in 52 ms. Found 4 JPA repository interfaces.
2023-04-09T14:53:41.830+07:00  WARN 14304 --- [restartedMain] o.a.catalina.core.AprLifecycleListener   : The Apache Tomcat Native library failed to load. The error reported was [C:\Program Files\apache-tomcat-10.0.27\bin\tcnative-1.dll: Can't load IA 32-bit .dll on a AMD 64-bit platform]

java.lang.UnsatisfiedLinkError: C:\Program Files\apache-tomcat-10.0.27\bin\tcnative-1.dll: Can't load IA 32-bit .dll on a AMD 64-bit platform
	at java.base/jdk.internal.loader.NativeLibraries.load(Native Method) ~[na:na]
	at java.base/jdk.internal.loader.NativeLibraries$NativeLibraryImpl.open(NativeLibraries.java:331) ~[na:na]
	at java.base/jdk.internal.loader.NativeLibraries.loadLibrary(NativeLibraries.java:197) ~[na:na]
	at java.base/jdk.internal.loader.NativeLibraries.loadLibrary(NativeLibraries.java:139) ~[na:na]
	at java.base/jdk.internal.loader.NativeLibraries.findFromPaths(NativeLibraries.java:259) ~[na:na]
	at java.base/jdk.internal.loader.NativeLibraries.loadLibrary(NativeLibraries.java:251) ~[na:na]
	at java.base/java.lang.ClassLoader.loadLibrary(ClassLoader.java:2437) ~[na:na]
	at java.base/java.lang.Runtime.loadLibrary0(Runtime.java:848) ~[na:na]
	at java.base/java.lang.System.loadLibrary(System.java:2047) ~[na:na]
	at org.apache.tomcat.jni.Library.<init>(Library.java:60) ~[tomcat-embed-core-10.1.7.jar:10.1.7]
	at org.apache.tomcat.jni.Library.initialize(Library.java:144) ~[tomcat-embed-core-10.1.7.jar:10.1.7]
	at org.apache.catalina.core.AprLifecycleListener.init(AprLifecycleListener.java:193) ~[tomcat-embed-core-10.1.7.jar:10.1.7]
	at org.apache.catalina.core.AprLifecycleListener.isAprAvailable(AprLifecycleListener.java:107) ~[tomcat-embed-core-10.1.7.jar:10.1.7]
	at org.springframework.boot.web.embedded.tomcat.TomcatServletWebServerFactory.getDefaultServerLifecycleListeners(TomcatServletWebServerFactory.java:181) ~[spring-boot-3.0.5.jar:3.0.5]
	at org.springframework.boot.web.embedded.tomcat.TomcatServletWebServerFactory.<init>(TomcatServletWebServerFactory.java:128) ~[spring-boot-3.0.5.jar:3.0.5]
	at org.springframework.boot.autoconfigure.web.servlet.ServletWebServerFactoryConfiguration$EmbeddedTomcat.tomcatServletWebServerFactory(ServletWebServerFactoryConfiguration.java:73) ~[spring-boot-autoconfigure-3.0.5.jar:3.0.5]
	at java.base/jdk.internal.reflect.DirectMethodHandleAccessor.invoke(DirectMethodHandleAccessor.java:104) ~[na:na]
	at java.base/java.lang.reflect.Method.invoke(Method.java:578) ~[na:na]
	at org.springframework.beans.factory.support.SimpleInstantiationStrategy.instantiate(SimpleInstantiationStrategy.java:139) ~[spring-beans-6.0.7.jar:6.0.7]
	at org.springframework.beans.factory.support.ConstructorResolver.instantiate(ConstructorResolver.java:653) ~[spring-beans-6.0.7.jar:6.0.7]
	at org.springframework.beans.factory.support.ConstructorResolver.instantiateUsingFactoryMethod(ConstructorResolver.java:645) ~[spring-beans-6.0.7.jar:6.0.7]
	at org.springframework.beans.factory.support.AbstractAutowireCapableBeanFactory.instantiateUsingFactoryMethod(AbstractAutowireCapableBeanFactory.java:1332) ~[spring-beans-6.0.7.jar:6.0.7]
	at org.springframework.beans.factory.support.AbstractAutowireCapableBeanFactory.createBeanInstance(AbstractAutowireCapableBeanFactory.java:1162) ~[spring-beans-6.0.7.jar:6.0.7]
	at org.springframework.beans.factory.support.AbstractAutowireCapableBeanFactory.doCreateBean(AbstractAutowireCapableBeanFactory.java:560) ~[spring-beans-6.0.7.jar:6.0.7]
	at org.springframework.beans.factory.support.AbstractAutowireCapableBeanFactory.createBean(AbstractAutowireCapableBeanFactory.java:520) ~[spring-beans-6.0.7.jar:6.0.7]
	at org.springframework.beans.factory.support.AbstractBeanFactory.lambda$doGetBean$0(AbstractBeanFactory.java:326) ~[spring-beans-6.0.7.jar:6.0.7]
	at org.springframework.beans.factory.support.DefaultSingletonBeanRegistry.getSingleton(DefaultSingletonBeanRegistry.java:234) ~[spring-beans-6.0.7.jar:6.0.7]
	at org.springframework.beans.factory.support.AbstractBeanFactory.doGetBean(AbstractBeanFactory.java:324) ~[spring-beans-6.0.7.jar:6.0.7]
	at org.springframework.beans.factory.support.AbstractBeanFactory.getBean(AbstractBeanFactory.java:205) ~[spring-beans-6.0.7.jar:6.0.7]
	at org.springframework.boot.web.servlet.context.ServletWebServerApplicationContext.getWebServerFactory(ServletWebServerApplicationContext.java:218) ~[spring-boot-3.0.5.jar:3.0.5]
	at org.springframework.boot.web.servlet.context.ServletWebServerApplicationContext.createWebServer(ServletWebServerApplicationContext.java:181) ~[spring-boot-3.0.5.jar:3.0.5]
	at org.springframework.boot.web.servlet.context.ServletWebServerApplicationContext.onRefresh(ServletWebServerApplicationContext.java:161) ~[spring-boot-3.0.5.jar:3.0.5]
	at org.springframework.context.support.AbstractApplicationContext.refresh(AbstractApplicationContext.java:578) ~[spring-context-6.0.7.jar:6.0.7]
	at org.springframework.boot.web.servlet.context.ServletWebServerApplicationContext.refresh(ServletWebServerApplicationContext.java:146) ~[spring-boot-3.0.5.jar:3.0.5]
	at org.springframework.boot.SpringApplication.refresh(SpringApplication.java:732) ~[spring-boot-3.0.5.jar:3.0.5]
	at org.springframework.boot.SpringApplication.refreshContext(SpringApplication.java:434) ~[spring-boot-3.0.5.jar:3.0.5]
	at org.springframework.boot.SpringApplication.run(SpringApplication.java:310) ~[spring-boot-3.0.5.jar:3.0.5]
	at org.springframework.boot.SpringApplication.run(SpringApplication.java:1304) ~[spring-boot-3.0.5.jar:3.0.5]
	at org.springframework.boot.SpringApplication.run(SpringApplication.java:1293) ~[spring-boot-3.0.5.jar:3.0.5]
	at com.ff.FierceFashionsApplication.main(FierceFashionsApplication.java:10) ~[classes/:na]
	at java.base/jdk.internal.reflect.DirectMethodHandleAccessor.invoke(DirectMethodHandleAccessor.java:104) ~[na:na]
	at java.base/java.lang.reflect.Method.invoke(Method.java:578) ~[na:na]
	at org.springframework.boot.devtools.restart.RestartLauncher.run(RestartLauncher.java:49) ~[spring-boot-devtools-3.0.5.jar:3.0.5]

2023-04-09T14:53:42.085+07:00  INFO 14304 --- [restartedMain] o.s.b.w.embedded.tomcat.TomcatWebServer  : Tomcat initialized with port(s): 6969 (http)
2023-04-09T14:53:42.097+07:00  INFO 14304 --- [restartedMain] o.apache.catalina.core.StandardService   : Starting service [Tomcat]
2023-04-09T14:53:42.098+07:00  INFO 14304 --- [restartedMain] o.apache.catalina.core.StandardEngine    : Starting Servlet engine: [Apache Tomcat/10.1.7]
2023-04-09T14:53:42.176+07:00  INFO 14304 --- [restartedMain] o.a.c.c.C.[Tomcat].[localhost].[/]       : Initializing Spring embedded WebApplicationContext
2023-04-09T14:53:42.177+07:00  INFO 14304 --- [restartedMain] w.s.c.ServletWebServerApplicationContext : Root WebApplicationContext: initialization completed in 1484 ms
2023-04-09T14:53:42.321+07:00  INFO 14304 --- [restartedMain] o.hibernate.jpa.internal.util.LogHelper  : HHH000204: Processing PersistenceUnitInfo [name: default]
2023-04-09T14:53:42.382+07:00  INFO 14304 --- [restartedMain] org.hibernate.Version                    : HHH000412: Hibernate ORM core version 6.1.7.Final
2023-04-09T14:53:42.658+07:00  INFO 14304 --- [restartedMain] com.zaxxer.hikari.HikariDataSource       : HikariPool-1 - Starting...
2023-04-09T14:53:44.509+07:00  INFO 14304 --- [restartedMain] com.zaxxer.hikari.pool.HikariPool        : HikariPool-1 - Added connection org.postgresql.jdbc.PgConnection@309f279b
2023-04-09T14:53:44.512+07:00  INFO 14304 --- [restartedMain] com.zaxxer.hikari.HikariDataSource       : HikariPool-1 - Start completed.
2023-04-09T14:53:44.967+07:00  INFO 14304 --- [restartedMain] SQL dialect                              : HHH000400: Using dialect: org.hibernate.dialect.PostgreSQLDialect
2023-04-09T14:53:52.425+07:00  INFO 14304 --- [restartedMain] o.h.e.t.j.p.i.JtaPlatformInitiator       : HHH000490: Using JtaPlatform implementation: [org.hibernate.engine.transaction.jta.platform.internal.NoJtaPlatform]
2023-04-09T14:53:52.437+07:00  INFO 14304 --- [restartedMain] j.LocalContainerEntityManagerFactoryBean : Initialized JPA EntityManagerFactory for persistence unit 'default'
2023-04-09T14:53:53.935+07:00  WARN 14304 --- [restartedMain] JpaBaseConfiguration$JpaWebConfiguration : spring.jpa.open-in-view is enabled by default. Therefore, database queries may be performed during view rendering. Explicitly configure spring.jpa.open-in-view to disable this warning
2023-04-09T14:53:54.951+07:00  INFO 14304 --- [restartedMain] o.s.s.web.DefaultSecurityFilterChain     : Will secure any request with [org.springframework.security.web.session.DisableEncodeUrlFilter@e05d60d, org.springframework.security.web.context.request.async.WebAsyncManagerIntegrationFilter@1dfb7b9, org.springframework.security.web.context.SecurityContextHolderFilter@15effd9b, org.springframework.security.web.header.HeaderWriterFilter@74794213, com.ff.config.HeaderSettingFilter@77737e08, org.springframework.security.web.authentication.logout.LogoutFilter@72b42df7, com.ff.config.JwtAuthenticationFilter@13309a64, org.springframework.security.web.savedrequest.RequestCacheAwareFilter@270ad070, org.springframework.security.web.servletapi.SecurityContextHolderAwareRequestFilter@7e4dba03, org.springframework.security.web.authentication.AnonymousAuthenticationFilter@7c35e2ab, org.springframework.security.web.session.SessionManagementFilter@842c252, org.springframework.security.web.access.ExceptionTranslationFilter@7a581959, org.springframework.security.web.access.intercept.AuthorizationFilter@76bf3d41]
2023-04-09T14:53:55.354+07:00  INFO 14304 --- [restartedMain] o.s.b.d.a.OptionalLiveReloadServer       : LiveReload server is running on port 35729
2023-04-09T14:53:55.424+07:00  INFO 14304 --- [restartedMain] o.s.b.w.embedded.tomcat.TomcatWebServer  : Tomcat started on port(s): 6969 (http) with context path ''
2023-04-09T14:53:55.435+07:00  INFO 14304 --- [restartedMain] com.ff.FierceFashionsApplication         : Started FierceFashionsApplication in 15.189 seconds (process running for 16.012)
2023-04-09T14:54:36.750+07:00  INFO 14304 --- [http-nio-6969-exec-2] o.a.c.c.C.[Tomcat].[localhost].[/]       : Initializing Spring DispatcherServlet 'dispatcherServlet'
2023-04-09T14:54:36.750+07:00  INFO 14304 --- [http-nio-6969-exec-2] o.s.web.servlet.DispatcherServlet        : Initializing Servlet 'dispatcherServlet'
2023-04-09T14:54:36.753+07:00  INFO 14304 --- [http-nio-6969-exec-2] o.s.web.servlet.DispatcherServlet        : Completed initialization in 2 ms
2023-04-09T14:54:37.749+07:00  INFO 14304 --- [http-nio-6969-exec-2] c.f.s.impl.AuthenticationServiceImpl     : Login SUCCESS
2023-04-09T14:55:12.327+07:00  INFO 14304 --- [http-nio-6969-exec-3] c.f.s.impl.AuthenticationServiceImpl     : Login SUCCESS
2023-04-09T14:55:37.652+07:00  INFO 14304 --- [http-nio-6969-exec-10] c.f.s.impl.AuthenticationServiceImpl     : Login SUCCESS
2023-04-09T14:55:55.001+07:00  INFO 14304 --- [http-nio-6969-exec-7] c.f.s.impl.AuthenticationServiceImpl     : Login SUCCESS
2023-04-09T15:02:31.559+07:00  INFO 14304 --- [http-nio-6969-exec-9] o.springdoc.api.AbstractOpenApiResource  : Init duration for springdoc-openapi is: 1763 ms
2023-04-09T15:03:30.482+07:00  INFO 14304 --- [SpringApplicationShutdownHook] j.LocalContainerEntityManagerFactoryBean : Closing JPA EntityManagerFactory for persistence unit 'default'
2023-04-09T15:03:30.505+07:00  INFO 14304 --- [SpringApplicationShutdownHook] com.zaxxer.hikari.HikariDataSource       : HikariPool-1 - Shutdown initiated...
2023-04-09T15:03:32.204+07:00  INFO 14304 --- [SpringApplicationShutdownHook] com.zaxxer.hikari.HikariDataSource       : HikariPool-1 - Shutdown completed.
2023-04-09T15:52:10.710+07:00  INFO 12592 --- [restartedMain] com.ff.FierceFashionsApplication         : Starting FierceFashionsApplication using Java 19.0.1 with PID 12592 (E:\SpringTool\BackEnd-Fierce-Fashions\target\classes started by Minh Tran in E:\SpringTool\BackEnd-Fierce-Fashions)
2023-04-09T15:52:10.716+07:00  INFO 12592 --- [restartedMain] com.ff.FierceFashionsApplication         : No active profile set, falling back to 1 default profile: "default"
2023-04-09T15:52:10.785+07:00  INFO 12592 --- [restartedMain] .e.DevToolsPropertyDefaultsPostProcessor : Devtools property defaults active! Set 'spring.devtools.add-properties' to 'false' to disable
2023-04-09T15:52:10.786+07:00  INFO 12592 --- [restartedMain] .e.DevToolsPropertyDefaultsPostProcessor : For additional web related logging consider setting the 'logging.level.web' property to 'DEBUG'
2023-04-09T15:52:12.121+07:00  INFO 12592 --- [restartedMain] .s.d.r.c.RepositoryConfigurationDelegate : Bootstrapping Spring Data JPA repositories in DEFAULT mode.
2023-04-09T15:52:12.261+07:00  INFO 12592 --- [restartedMain] .s.d.r.c.RepositoryConfigurationDelegate : Finished Spring Data repository scanning in 126 ms. Found 4 JPA repository interfaces.
2023-04-09T15:52:12.831+07:00  WARN 12592 --- [restartedMain] o.a.catalina.core.AprLifecycleListener   : The Apache Tomcat Native library failed to load. The error reported was [C:\Program Files\apache-tomcat-10.0.27\bin\tcnative-1.dll: Can't load IA 32-bit .dll on a AMD 64-bit platform]

java.lang.UnsatisfiedLinkError: C:\Program Files\apache-tomcat-10.0.27\bin\tcnative-1.dll: Can't load IA 32-bit .dll on a AMD 64-bit platform
	at java.base/jdk.internal.loader.NativeLibraries.load(Native Method) ~[na:na]
	at java.base/jdk.internal.loader.NativeLibraries$NativeLibraryImpl.open(NativeLibraries.java:331) ~[na:na]
	at java.base/jdk.internal.loader.NativeLibraries.loadLibrary(NativeLibraries.java:197) ~[na:na]
	at java.base/jdk.internal.loader.NativeLibraries.loadLibrary(NativeLibraries.java:139) ~[na:na]
	at java.base/jdk.internal.loader.NativeLibraries.findFromPaths(NativeLibraries.java:259) ~[na:na]
	at java.base/jdk.internal.loader.NativeLibraries.loadLibrary(NativeLibraries.java:251) ~[na:na]
	at java.base/java.lang.ClassLoader.loadLibrary(ClassLoader.java:2437) ~[na:na]
	at java.base/java.lang.Runtime.loadLibrary0(Runtime.java:848) ~[na:na]
	at java.base/java.lang.System.loadLibrary(System.java:2047) ~[na:na]
	at org.apache.tomcat.jni.Library.<init>(Library.java:60) ~[tomcat-embed-core-10.1.7.jar:10.1.7]
	at org.apache.tomcat.jni.Library.initialize(Library.java:144) ~[tomcat-embed-core-10.1.7.jar:10.1.7]
	at org.apache.catalina.core.AprLifecycleListener.init(AprLifecycleListener.java:193) ~[tomcat-embed-core-10.1.7.jar:10.1.7]
	at org.apache.catalina.core.AprLifecycleListener.isAprAvailable(AprLifecycleListener.java:107) ~[tomcat-embed-core-10.1.7.jar:10.1.7]
	at org.springframework.boot.web.embedded.tomcat.TomcatServletWebServerFactory.getDefaultServerLifecycleListeners(TomcatServletWebServerFactory.java:181) ~[spring-boot-3.0.5.jar:3.0.5]
	at org.springframework.boot.web.embedded.tomcat.TomcatServletWebServerFactory.<init>(TomcatServletWebServerFactory.java:128) ~[spring-boot-3.0.5.jar:3.0.5]
	at org.springframework.boot.autoconfigure.web.servlet.ServletWebServerFactoryConfiguration$EmbeddedTomcat.tomcatServletWebServerFactory(ServletWebServerFactoryConfiguration.java:73) ~[spring-boot-autoconfigure-3.0.5.jar:3.0.5]
	at java.base/jdk.internal.reflect.DirectMethodHandleAccessor.invoke(DirectMethodHandleAccessor.java:104) ~[na:na]
	at java.base/java.lang.reflect.Method.invoke(Method.java:578) ~[na:na]
	at org.springframework.beans.factory.support.SimpleInstantiationStrategy.instantiate(SimpleInstantiationStrategy.java:139) ~[spring-beans-6.0.7.jar:6.0.7]
	at org.springframework.beans.factory.support.ConstructorResolver.instantiate(ConstructorResolver.java:653) ~[spring-beans-6.0.7.jar:6.0.7]
	at org.springframework.beans.factory.support.ConstructorResolver.instantiateUsingFactoryMethod(ConstructorResolver.java:645) ~[spring-beans-6.0.7.jar:6.0.7]
	at org.springframework.beans.factory.support.AbstractAutowireCapableBeanFactory.instantiateUsingFactoryMethod(AbstractAutowireCapableBeanFactory.java:1332) ~[spring-beans-6.0.7.jar:6.0.7]
	at org.springframework.beans.factory.support.AbstractAutowireCapableBeanFactory.createBeanInstance(AbstractAutowireCapableBeanFactory.java:1162) ~[spring-beans-6.0.7.jar:6.0.7]
	at org.springframework.beans.factory.support.AbstractAutowireCapableBeanFactory.doCreateBean(AbstractAutowireCapableBeanFactory.java:560) ~[spring-beans-6.0.7.jar:6.0.7]
	at org.springframework.beans.factory.support.AbstractAutowireCapableBeanFactory.createBean(AbstractAutowireCapableBeanFactory.java:520) ~[spring-beans-6.0.7.jar:6.0.7]
	at org.springframework.beans.factory.support.AbstractBeanFactory.lambda$doGetBean$0(AbstractBeanFactory.java:326) ~[spring-beans-6.0.7.jar:6.0.7]
	at org.springframework.beans.factory.support.DefaultSingletonBeanRegistry.getSingleton(DefaultSingletonBeanRegistry.java:234) ~[spring-beans-6.0.7.jar:6.0.7]
	at org.springframework.beans.factory.support.AbstractBeanFactory.doGetBean(AbstractBeanFactory.java:324) ~[spring-beans-6.0.7.jar:6.0.7]
	at org.springframework.beans.factory.support.AbstractBeanFactory.getBean(AbstractBeanFactory.java:205) ~[spring-beans-6.0.7.jar:6.0.7]
	at org.springframework.boot.web.servlet.context.ServletWebServerApplicationContext.getWebServerFactory(ServletWebServerApplicationContext.java:218) ~[spring-boot-3.0.5.jar:3.0.5]
	at org.springframework.boot.web.servlet.context.ServletWebServerApplicationContext.createWebServer(ServletWebServerApplicationContext.java:181) ~[spring-boot-3.0.5.jar:3.0.5]
	at org.springframework.boot.web.servlet.context.ServletWebServerApplicationContext.onRefresh(ServletWebServerApplicationContext.java:161) ~[spring-boot-3.0.5.jar:3.0.5]
	at org.springframework.context.support.AbstractApplicationContext.refresh(AbstractApplicationContext.java:578) ~[spring-context-6.0.7.jar:6.0.7]
	at org.springframework.boot.web.servlet.context.ServletWebServerApplicationContext.refresh(ServletWebServerApplicationContext.java:146) ~[spring-boot-3.0.5.jar:3.0.5]
	at org.springframework.boot.SpringApplication.refresh(SpringApplication.java:732) ~[spring-boot-3.0.5.jar:3.0.5]
	at org.springframework.boot.SpringApplication.refreshContext(SpringApplication.java:434) ~[spring-boot-3.0.5.jar:3.0.5]
	at org.springframework.boot.SpringApplication.run(SpringApplication.java:310) ~[spring-boot-3.0.5.jar:3.0.5]
	at org.springframework.boot.SpringApplication.run(SpringApplication.java:1304) ~[spring-boot-3.0.5.jar:3.0.5]
	at org.springframework.boot.SpringApplication.run(SpringApplication.java:1293) ~[spring-boot-3.0.5.jar:3.0.5]
	at com.ff.FierceFashionsApplication.main(FierceFashionsApplication.java:10) ~[classes/:na]
	at java.base/jdk.internal.reflect.DirectMethodHandleAccessor.invoke(DirectMethodHandleAccessor.java:104) ~[na:na]
	at java.base/java.lang.reflect.Method.invoke(Method.java:578) ~[na:na]
	at org.springframework.boot.devtools.restart.RestartLauncher.run(RestartLauncher.java:49) ~[spring-boot-devtools-3.0.5.jar:3.0.5]

2023-04-09T15:52:13.245+07:00  INFO 12592 --- [restartedMain] o.s.b.w.embedded.tomcat.TomcatWebServer  : Tomcat initialized with port(s): 6969 (http)
2023-04-09T15:52:13.265+07:00  INFO 12592 --- [restartedMain] o.apache.catalina.core.StandardService   : Starting service [Tomcat]
2023-04-09T15:52:13.266+07:00  INFO 12592 --- [restartedMain] o.apache.catalina.core.StandardEngine    : Starting Servlet engine: [Apache Tomcat/10.1.7]
2023-04-09T15:52:13.367+07:00  INFO 12592 --- [restartedMain] o.a.c.c.C.[Tomcat].[localhost].[/]       : Initializing Spring embedded WebApplicationContext
2023-04-09T15:52:13.367+07:00  INFO 12592 --- [restartedMain] w.s.c.ServletWebServerApplicationContext : Root WebApplicationContext: initialization completed in 2580 ms
2023-04-09T15:52:13.582+07:00  INFO 12592 --- [restartedMain] o.hibernate.jpa.internal.util.LogHelper  : HHH000204: Processing PersistenceUnitInfo [name: default]
2023-04-09T15:52:13.679+07:00  INFO 12592 --- [restartedMain] org.hibernate.Version                    : HHH000412: Hibernate ORM core version 6.1.7.Final
2023-04-09T15:52:14.105+07:00  INFO 12592 --- [restartedMain] com.zaxxer.hikari.HikariDataSource       : HikariPool-1 - Starting...
2023-04-09T15:52:16.064+07:00  INFO 12592 --- [restartedMain] com.zaxxer.hikari.pool.HikariPool        : HikariPool-1 - Added connection org.postgresql.jdbc.PgConnection@207c2406
2023-04-09T15:52:16.066+07:00  INFO 12592 --- [restartedMain] com.zaxxer.hikari.HikariDataSource       : HikariPool-1 - Start completed.
2023-04-09T15:52:16.856+07:00  INFO 12592 --- [restartedMain] SQL dialect                              : HHH000400: Using dialect: org.hibernate.dialect.PostgreSQLDialect
2023-04-09T15:52:24.179+07:00  INFO 12592 --- [restartedMain] o.h.e.t.j.p.i.JtaPlatformInitiator       : HHH000490: Using JtaPlatform implementation: [org.hibernate.engine.transaction.jta.platform.internal.NoJtaPlatform]
2023-04-09T15:52:24.191+07:00  INFO 12592 --- [restartedMain] j.LocalContainerEntityManagerFactoryBean : Initialized JPA EntityManagerFactory for persistence unit 'default'
2023-04-09T15:52:24.977+07:00  WARN 12592 --- [restartedMain] JpaBaseConfiguration$JpaWebConfiguration : spring.jpa.open-in-view is enabled by default. Therefore, database queries may be performed during view rendering. Explicitly configure spring.jpa.open-in-view to disable this warning
2023-04-09T15:52:26.384+07:00  INFO 12592 --- [restartedMain] o.s.s.web.DefaultSecurityFilterChain     : Will secure any request with [org.springframework.security.web.session.DisableEncodeUrlFilter@4ba82318, org.springframework.security.web.context.request.async.WebAsyncManagerIntegrationFilter@7e22ce0d, org.springframework.security.web.context.SecurityContextHolderFilter@74328a87, org.springframework.security.web.header.HeaderWriterFilter@1e849aab, com.ff.config.HeaderSettingFilter@785741ac, org.springframework.security.web.authentication.logout.LogoutFilter@62c5792, com.ff.config.JwtAuthenticationFilter@7ea2731e, org.springframework.security.web.savedrequest.RequestCacheAwareFilter@58648dba, org.springframework.security.web.servletapi.SecurityContextHolderAwareRequestFilter@1f7747eb, org.springframework.security.web.authentication.AnonymousAuthenticationFilter@9cdc8f1, org.springframework.security.web.session.SessionManagementFilter@7c031ae0, org.springframework.security.web.access.ExceptionTranslationFilter@507feab4, org.springframework.security.web.access.intercept.AuthorizationFilter@252203bb]
2023-04-09T15:52:26.772+07:00  INFO 12592 --- [restartedMain] o.s.b.d.a.OptionalLiveReloadServer       : LiveReload server is running on port 35729
2023-04-09T15:52:26.830+07:00  INFO 12592 --- [restartedMain] o.s.b.w.embedded.tomcat.TomcatWebServer  : Tomcat started on port(s): 6969 (http) with context path ''
2023-04-09T15:52:26.844+07:00  INFO 12592 --- [restartedMain] com.ff.FierceFashionsApplication         : Started FierceFashionsApplication in 16.718 seconds (process running for 18.066)
2023-04-09T15:52:38.783+07:00  INFO 12592 --- [http-nio-6969-exec-1] o.a.c.c.C.[Tomcat].[localhost].[/]       : Initializing Spring DispatcherServlet 'dispatcherServlet'
2023-04-09T15:52:38.788+07:00  INFO 12592 --- [http-nio-6969-exec-1] o.s.web.servlet.DispatcherServlet        : Initializing Servlet 'dispatcherServlet'
2023-04-09T15:52:38.793+07:00  INFO 12592 --- [http-nio-6969-exec-1] o.s.web.servlet.DispatcherServlet        : Completed initialization in 4 ms
2023-04-09T15:52:40.738+07:00  INFO 12592 --- [http-nio-6969-exec-7] o.springdoc.api.AbstractOpenApiResource  : Init duration for springdoc-openapi is: 1200 ms
2023-04-09T15:55:07.723+07:00  INFO 12592 --- [http-nio-6969-exec-9] c.f.s.impl.AuthenticationServiceImpl     : Login SUCCESS
2023-04-09T15:55:55.735+07:00  INFO 12592 --- [http-nio-6969-exec-4] c.f.s.impl.AuthenticationServiceImpl     : Login SUCCESS
2023-04-09T15:56:40.615+07:00  INFO 12592 --- [http-nio-6969-exec-8] c.f.s.impl.AuthenticationServiceImpl     : Create new Username: omg Successfully
2023-04-09T15:56:50.735+07:00  INFO 12592 --- [http-nio-6969-exec-2] c.f.s.impl.AuthenticationServiceImpl     : Login SUCCESS
2023-04-09T15:57:50.738+07:00  INFO 12592 --- [http-nio-6969-exec-5] c.f.s.impl.AuthenticationServiceImpl     : Login SUCCESS
2023-04-09T15:58:21.311+07:00  INFO 12592 --- [http-nio-6969-exec-10] c.f.s.impl.AuthenticationServiceImpl     : Login SUCCESS
2023-04-09T16:00:14.690+07:00  INFO 12592 --- [SpringApplicationShutdownHook] j.LocalContainerEntityManagerFactoryBean : Closing JPA EntityManagerFactory for persistence unit 'default'
2023-04-09T16:00:14.720+07:00  INFO 12592 --- [SpringApplicationShutdownHook] com.zaxxer.hikari.HikariDataSource       : HikariPool-1 - Shutdown initiated...
2023-04-09T16:00:24.742+07:00  WARN 12592 --- [SpringApplicationShutdownHook] com.zaxxer.hikari.pool.HikariPool        : Timed-out waiting for close connection executor to shutdown
2023-04-09T16:00:24.742+07:00  INFO 12592 --- [SpringApplicationShutdownHook] com.zaxxer.hikari.HikariDataSource       : HikariPool-1 - Shutdown completed.
2023-04-09T16:00:34.558+07:00  INFO 22000 --- [restartedMain] com.ff.FierceFashionsApplication         : Starting FierceFashionsApplication using Java 19.0.1 with PID 22000 (E:\SpringTool\BackEnd-Fierce-Fashions\target\classes started by Minh Tran in E:\SpringTool\BackEnd-Fierce-Fashions)
2023-04-09T16:00:34.561+07:00  INFO 22000 --- [restartedMain] com.ff.FierceFashionsApplication         : No active profile set, falling back to 1 default profile: "default"
2023-04-09T16:00:34.613+07:00  INFO 22000 --- [restartedMain] .e.DevToolsPropertyDefaultsPostProcessor : Devtools property defaults active! Set 'spring.devtools.add-properties' to 'false' to disable
2023-04-09T16:00:34.614+07:00  INFO 22000 --- [restartedMain] .e.DevToolsPropertyDefaultsPostProcessor : For additional web related logging consider setting the 'logging.level.web' property to 'DEBUG'
2023-04-09T16:00:35.882+07:00  INFO 22000 --- [restartedMain] .s.d.r.c.RepositoryConfigurationDelegate : Bootstrapping Spring Data JPA repositories in DEFAULT mode.
2023-04-09T16:00:35.989+07:00  INFO 22000 --- [restartedMain] .s.d.r.c.RepositoryConfigurationDelegate : Finished Spring Data repository scanning in 97 ms. Found 4 JPA repository interfaces.
2023-04-09T16:00:36.521+07:00  WARN 22000 --- [restartedMain] o.a.catalina.core.AprLifecycleListener   : The Apache Tomcat Native library failed to load. The error reported was [C:\Program Files\apache-tomcat-10.0.27\bin\tcnative-1.dll: Can't load IA 32-bit .dll on a AMD 64-bit platform]

java.lang.UnsatisfiedLinkError: C:\Program Files\apache-tomcat-10.0.27\bin\tcnative-1.dll: Can't load IA 32-bit .dll on a AMD 64-bit platform
	at java.base/jdk.internal.loader.NativeLibraries.load(Native Method) ~[na:na]
	at java.base/jdk.internal.loader.NativeLibraries$NativeLibraryImpl.open(NativeLibraries.java:331) ~[na:na]
	at java.base/jdk.internal.loader.NativeLibraries.loadLibrary(NativeLibraries.java:197) ~[na:na]
	at java.base/jdk.internal.loader.NativeLibraries.loadLibrary(NativeLibraries.java:139) ~[na:na]
	at java.base/jdk.internal.loader.NativeLibraries.findFromPaths(NativeLibraries.java:259) ~[na:na]
	at java.base/jdk.internal.loader.NativeLibraries.loadLibrary(NativeLibraries.java:251) ~[na:na]
	at java.base/java.lang.ClassLoader.loadLibrary(ClassLoader.java:2437) ~[na:na]
	at java.base/java.lang.Runtime.loadLibrary0(Runtime.java:848) ~[na:na]
	at java.base/java.lang.System.loadLibrary(System.java:2047) ~[na:na]
	at org.apache.tomcat.jni.Library.<init>(Library.java:60) ~[tomcat-embed-core-10.1.7.jar:10.1.7]
	at org.apache.tomcat.jni.Library.initialize(Library.java:144) ~[tomcat-embed-core-10.1.7.jar:10.1.7]
	at org.apache.catalina.core.AprLifecycleListener.init(AprLifecycleListener.java:193) ~[tomcat-embed-core-10.1.7.jar:10.1.7]
	at org.apache.catalina.core.AprLifecycleListener.isAprAvailable(AprLifecycleListener.java:107) ~[tomcat-embed-core-10.1.7.jar:10.1.7]
	at org.springframework.boot.web.embedded.tomcat.TomcatServletWebServerFactory.getDefaultServerLifecycleListeners(TomcatServletWebServerFactory.java:181) ~[spring-boot-3.0.5.jar:3.0.5]
	at org.springframework.boot.web.embedded.tomcat.TomcatServletWebServerFactory.<init>(TomcatServletWebServerFactory.java:128) ~[spring-boot-3.0.5.jar:3.0.5]
	at org.springframework.boot.autoconfigure.web.servlet.ServletWebServerFactoryConfiguration$EmbeddedTomcat.tomcatServletWebServerFactory(ServletWebServerFactoryConfiguration.java:73) ~[spring-boot-autoconfigure-3.0.5.jar:3.0.5]
	at java.base/jdk.internal.reflect.DirectMethodHandleAccessor.invoke(DirectMethodHandleAccessor.java:104) ~[na:na]
	at java.base/java.lang.reflect.Method.invoke(Method.java:578) ~[na:na]
	at org.springframework.beans.factory.support.SimpleInstantiationStrategy.instantiate(SimpleInstantiationStrategy.java:139) ~[spring-beans-6.0.7.jar:6.0.7]
	at org.springframework.beans.factory.support.ConstructorResolver.instantiate(ConstructorResolver.java:653) ~[spring-beans-6.0.7.jar:6.0.7]
	at org.springframework.beans.factory.support.ConstructorResolver.instantiateUsingFactoryMethod(ConstructorResolver.java:645) ~[spring-beans-6.0.7.jar:6.0.7]
	at org.springframework.beans.factory.support.AbstractAutowireCapableBeanFactory.instantiateUsingFactoryMethod(AbstractAutowireCapableBeanFactory.java:1332) ~[spring-beans-6.0.7.jar:6.0.7]
	at org.springframework.beans.factory.support.AbstractAutowireCapableBeanFactory.createBeanInstance(AbstractAutowireCapableBeanFactory.java:1162) ~[spring-beans-6.0.7.jar:6.0.7]
	at org.springframework.beans.factory.support.AbstractAutowireCapableBeanFactory.doCreateBean(AbstractAutowireCapableBeanFactory.java:560) ~[spring-beans-6.0.7.jar:6.0.7]
	at org.springframework.beans.factory.support.AbstractAutowireCapableBeanFactory.createBean(AbstractAutowireCapableBeanFactory.java:520) ~[spring-beans-6.0.7.jar:6.0.7]
	at org.springframework.beans.factory.support.AbstractBeanFactory.lambda$doGetBean$0(AbstractBeanFactory.java:326) ~[spring-beans-6.0.7.jar:6.0.7]
	at org.springframework.beans.factory.support.DefaultSingletonBeanRegistry.getSingleton(DefaultSingletonBeanRegistry.java:234) ~[spring-beans-6.0.7.jar:6.0.7]
	at org.springframework.beans.factory.support.AbstractBeanFactory.doGetBean(AbstractBeanFactory.java:324) ~[spring-beans-6.0.7.jar:6.0.7]
	at org.springframework.beans.factory.support.AbstractBeanFactory.getBean(AbstractBeanFactory.java:205) ~[spring-beans-6.0.7.jar:6.0.7]
	at org.springframework.boot.web.servlet.context.ServletWebServerApplicationContext.getWebServerFactory(ServletWebServerApplicationContext.java:218) ~[spring-boot-3.0.5.jar:3.0.5]
	at org.springframework.boot.web.servlet.context.ServletWebServerApplicationContext.createWebServer(ServletWebServerApplicationContext.java:181) ~[spring-boot-3.0.5.jar:3.0.5]
	at org.springframework.boot.web.servlet.context.ServletWebServerApplicationContext.onRefresh(ServletWebServerApplicationContext.java:161) ~[spring-boot-3.0.5.jar:3.0.5]
	at org.springframework.context.support.AbstractApplicationContext.refresh(AbstractApplicationContext.java:578) ~[spring-context-6.0.7.jar:6.0.7]
	at org.springframework.boot.web.servlet.context.ServletWebServerApplicationContext.refresh(ServletWebServerApplicationContext.java:146) ~[spring-boot-3.0.5.jar:3.0.5]
	at org.springframework.boot.SpringApplication.refresh(SpringApplication.java:732) ~[spring-boot-3.0.5.jar:3.0.5]
	at org.springframework.boot.SpringApplication.refreshContext(SpringApplication.java:434) ~[spring-boot-3.0.5.jar:3.0.5]
	at org.springframework.boot.SpringApplication.run(SpringApplication.java:310) ~[spring-boot-3.0.5.jar:3.0.5]
	at org.springframework.boot.SpringApplication.run(SpringApplication.java:1304) ~[spring-boot-3.0.5.jar:3.0.5]
	at org.springframework.boot.SpringApplication.run(SpringApplication.java:1293) ~[spring-boot-3.0.5.jar:3.0.5]
	at com.ff.FierceFashionsApplication.main(FierceFashionsApplication.java:10) ~[classes/:na]
	at java.base/jdk.internal.reflect.DirectMethodHandleAccessor.invoke(DirectMethodHandleAccessor.java:104) ~[na:na]
	at java.base/java.lang.reflect.Method.invoke(Method.java:578) ~[na:na]
	at org.springframework.boot.devtools.restart.RestartLauncher.run(RestartLauncher.java:49) ~[spring-boot-devtools-3.0.5.jar:3.0.5]

2023-04-09T16:00:36.937+07:00  INFO 22000 --- [restartedMain] o.s.b.w.embedded.tomcat.TomcatWebServer  : Tomcat initialized with port(s): 6969 (http)
2023-04-09T16:00:36.948+07:00  INFO 22000 --- [restartedMain] o.apache.catalina.core.StandardService   : Starting service [Tomcat]
2023-04-09T16:00:36.948+07:00  INFO 22000 --- [restartedMain] o.apache.catalina.core.StandardEngine    : Starting Servlet engine: [Apache Tomcat/10.1.7]
2023-04-09T16:00:37.024+07:00  INFO 22000 --- [restartedMain] o.a.c.c.C.[Tomcat].[localhost].[/]       : Initializing Spring embedded WebApplicationContext
2023-04-09T16:00:37.024+07:00  INFO 22000 --- [restartedMain] w.s.c.ServletWebServerApplicationContext : Root WebApplicationContext: initialization completed in 2410 ms
2023-04-09T16:00:37.212+07:00  INFO 22000 --- [restartedMain] o.hibernate.jpa.internal.util.LogHelper  : HHH000204: Processing PersistenceUnitInfo [name: default]
2023-04-09T16:00:37.304+07:00  INFO 22000 --- [restartedMain] org.hibernate.Version                    : HHH000412: Hibernate ORM core version 6.1.7.Final
2023-04-09T16:00:37.664+07:00  INFO 22000 --- [restartedMain] com.zaxxer.hikari.HikariDataSource       : HikariPool-1 - Starting...
2023-04-09T16:00:39.583+07:00  INFO 22000 --- [restartedMain] com.zaxxer.hikari.pool.HikariPool        : HikariPool-1 - Added connection org.postgresql.jdbc.PgConnection@ac37bc1
2023-04-09T16:00:39.587+07:00  INFO 22000 --- [restartedMain] com.zaxxer.hikari.HikariDataSource       : HikariPool-1 - Start completed.
2023-04-09T16:00:39.992+07:00  INFO 22000 --- [restartedMain] SQL dialect                              : HHH000400: Using dialect: org.hibernate.dialect.PostgreSQLDialect
2023-04-09T16:00:47.516+07:00  INFO 22000 --- [restartedMain] o.h.e.t.j.p.i.JtaPlatformInitiator       : HHH000490: Using JtaPlatform implementation: [org.hibernate.engine.transaction.jta.platform.internal.NoJtaPlatform]
2023-04-09T16:00:47.528+07:00  INFO 22000 --- [restartedMain] j.LocalContainerEntityManagerFactoryBean : Initialized JPA EntityManagerFactory for persistence unit 'default'
2023-04-09T16:00:48.292+07:00  WARN 22000 --- [restartedMain] JpaBaseConfiguration$JpaWebConfiguration : spring.jpa.open-in-view is enabled by default. Therefore, database queries may be performed during view rendering. Explicitly configure spring.jpa.open-in-view to disable this warning
2023-04-09T16:00:49.102+07:00  INFO 22000 --- [restartedMain] o.s.s.web.DefaultSecurityFilterChain     : Will secure any request with [org.springframework.security.web.session.DisableEncodeUrlFilter@27b96264, org.springframework.security.web.context.request.async.WebAsyncManagerIntegrationFilter@6cb2f026, org.springframework.security.web.context.SecurityContextHolderFilter@7724e1ea, org.springframework.security.web.header.HeaderWriterFilter@db40343, com.ff.config.HeaderSettingFilter@5b9539a2, org.springframework.security.web.authentication.logout.LogoutFilter@27a86578, com.ff.config.JwtAuthenticationFilter@461a3502, org.springframework.security.web.savedrequest.RequestCacheAwareFilter@63aa3572, org.springframework.security.web.servletapi.SecurityContextHolderAwareRequestFilter@3a52becd, org.springframework.security.web.authentication.AnonymousAuthenticationFilter@3cc1834, org.springframework.security.web.session.SessionManagementFilter@76491730, org.springframework.security.web.access.ExceptionTranslationFilter@72980081, org.springframework.security.web.access.intercept.AuthorizationFilter@71b74ee3]
2023-04-09T16:00:49.488+07:00  INFO 22000 --- [restartedMain] o.s.b.d.a.OptionalLiveReloadServer       : LiveReload server is running on port 35729
2023-04-09T16:00:49.526+07:00  INFO 22000 --- [restartedMain] o.s.b.w.embedded.tomcat.TomcatWebServer  : Tomcat started on port(s): 6969 (http) with context path ''
2023-04-09T16:00:49.536+07:00  INFO 22000 --- [restartedMain] com.ff.FierceFashionsApplication         : Started FierceFashionsApplication in 15.531 seconds (process running for 16.853)
2023-04-09T16:00:55.703+07:00  INFO 22000 --- [http-nio-6969-exec-1] o.a.c.c.C.[Tomcat].[localhost].[/]       : Initializing Spring DispatcherServlet 'dispatcherServlet'
2023-04-09T16:00:55.703+07:00  INFO 22000 --- [http-nio-6969-exec-1] o.s.web.servlet.DispatcherServlet        : Initializing Servlet 'dispatcherServlet'
2023-04-09T16:00:55.705+07:00  INFO 22000 --- [http-nio-6969-exec-1] o.s.web.servlet.DispatcherServlet        : Completed initialization in 2 ms
2023-04-09T16:00:57.074+07:00  INFO 22000 --- [http-nio-6969-exec-9] o.springdoc.api.AbstractOpenApiResource  : Init duration for springdoc-openapi is: 794 ms
2023-04-09T16:01:13.479+07:00  INFO 22000 --- [http-nio-6969-exec-6] c.f.s.impl.AuthenticationServiceImpl     : Login SUCCESS
2023-04-09T16:02:53.847+07:00  INFO 22000 --- [SpringApplicationShutdownHook] j.LocalContainerEntityManagerFactoryBean : Closing JPA EntityManagerFactory for persistence unit 'default'
2023-04-09T16:02:53.850+07:00  INFO 22000 --- [SpringApplicationShutdownHook] com.zaxxer.hikari.HikariDataSource       : HikariPool-1 - Shutdown initiated...
2023-04-09T16:02:55.515+07:00  INFO 22000 --- [SpringApplicationShutdownHook] com.zaxxer.hikari.HikariDataSource       : HikariPool-1 - Shutdown completed.
2023-04-09T16:03:03.085+07:00  INFO 20216 --- [restartedMain] com.ff.FierceFashionsApplication         : Starting FierceFashionsApplication using Java 19.0.1 with PID 20216 (E:\SpringTool\BackEnd-Fierce-Fashions\target\classes started by Minh Tran in E:\SpringTool\BackEnd-Fierce-Fashions)
2023-04-09T16:03:03.088+07:00  INFO 20216 --- [restartedMain] com.ff.FierceFashionsApplication         : No active profile set, falling back to 1 default profile: "default"
2023-04-09T16:03:03.135+07:00  INFO 20216 --- [restartedMain] .e.DevToolsPropertyDefaultsPostProcessor : Devtools property defaults active! Set 'spring.devtools.add-properties' to 'false' to disable
2023-04-09T16:03:03.137+07:00  INFO 20216 --- [restartedMain] .e.DevToolsPropertyDefaultsPostProcessor : For additional web related logging consider setting the 'logging.level.web' property to 'DEBUG'
2023-04-09T16:03:03.900+07:00  INFO 20216 --- [restartedMain] .s.d.r.c.RepositoryConfigurationDelegate : Bootstrapping Spring Data JPA repositories in DEFAULT mode.
2023-04-09T16:03:03.972+07:00  INFO 20216 --- [restartedMain] .s.d.r.c.RepositoryConfigurationDelegate : Finished Spring Data repository scanning in 65 ms. Found 4 JPA repository interfaces.
2023-04-09T16:03:04.414+07:00  WARN 20216 --- [restartedMain] o.a.catalina.core.AprLifecycleListener   : The Apache Tomcat Native library failed to load. The error reported was [C:\Program Files\apache-tomcat-10.0.27\bin\tcnative-1.dll: Can't load IA 32-bit .dll on a AMD 64-bit platform]

java.lang.UnsatisfiedLinkError: C:\Program Files\apache-tomcat-10.0.27\bin\tcnative-1.dll: Can't load IA 32-bit .dll on a AMD 64-bit platform
	at java.base/jdk.internal.loader.NativeLibraries.load(Native Method) ~[na:na]
	at java.base/jdk.internal.loader.NativeLibraries$NativeLibraryImpl.open(NativeLibraries.java:331) ~[na:na]
	at java.base/jdk.internal.loader.NativeLibraries.loadLibrary(NativeLibraries.java:197) ~[na:na]
	at java.base/jdk.internal.loader.NativeLibraries.loadLibrary(NativeLibraries.java:139) ~[na:na]
	at java.base/jdk.internal.loader.NativeLibraries.findFromPaths(NativeLibraries.java:259) ~[na:na]
	at java.base/jdk.internal.loader.NativeLibraries.loadLibrary(NativeLibraries.java:251) ~[na:na]
	at java.base/java.lang.ClassLoader.loadLibrary(ClassLoader.java:2437) ~[na:na]
	at java.base/java.lang.Runtime.loadLibrary0(Runtime.java:848) ~[na:na]
	at java.base/java.lang.System.loadLibrary(System.java:2047) ~[na:na]
	at org.apache.tomcat.jni.Library.<init>(Library.java:60) ~[tomcat-embed-core-10.1.7.jar:10.1.7]
	at org.apache.tomcat.jni.Library.initialize(Library.java:144) ~[tomcat-embed-core-10.1.7.jar:10.1.7]
	at org.apache.catalina.core.AprLifecycleListener.init(AprLifecycleListener.java:193) ~[tomcat-embed-core-10.1.7.jar:10.1.7]
	at org.apache.catalina.core.AprLifecycleListener.isAprAvailable(AprLifecycleListener.java:107) ~[tomcat-embed-core-10.1.7.jar:10.1.7]
	at org.springframework.boot.web.embedded.tomcat.TomcatServletWebServerFactory.getDefaultServerLifecycleListeners(TomcatServletWebServerFactory.java:181) ~[spring-boot-3.0.5.jar:3.0.5]
	at org.springframework.boot.web.embedded.tomcat.TomcatServletWebServerFactory.<init>(TomcatServletWebServerFactory.java:128) ~[spring-boot-3.0.5.jar:3.0.5]
	at org.springframework.boot.autoconfigure.web.servlet.ServletWebServerFactoryConfiguration$EmbeddedTomcat.tomcatServletWebServerFactory(ServletWebServerFactoryConfiguration.java:73) ~[spring-boot-autoconfigure-3.0.5.jar:3.0.5]
	at java.base/jdk.internal.reflect.DirectMethodHandleAccessor.invoke(DirectMethodHandleAccessor.java:104) ~[na:na]
	at java.base/java.lang.reflect.Method.invoke(Method.java:578) ~[na:na]
	at org.springframework.beans.factory.support.SimpleInstantiationStrategy.instantiate(SimpleInstantiationStrategy.java:139) ~[spring-beans-6.0.7.jar:6.0.7]
	at org.springframework.beans.factory.support.ConstructorResolver.instantiate(ConstructorResolver.java:653) ~[spring-beans-6.0.7.jar:6.0.7]
	at org.springframework.beans.factory.support.ConstructorResolver.instantiateUsingFactoryMethod(ConstructorResolver.java:645) ~[spring-beans-6.0.7.jar:6.0.7]
	at org.springframework.beans.factory.support.AbstractAutowireCapableBeanFactory.instantiateUsingFactoryMethod(AbstractAutowireCapableBeanFactory.java:1332) ~[spring-beans-6.0.7.jar:6.0.7]
	at org.springframework.beans.factory.support.AbstractAutowireCapableBeanFactory.createBeanInstance(AbstractAutowireCapableBeanFactory.java:1162) ~[spring-beans-6.0.7.jar:6.0.7]
	at org.springframework.beans.factory.support.AbstractAutowireCapableBeanFactory.doCreateBean(AbstractAutowireCapableBeanFactory.java:560) ~[spring-beans-6.0.7.jar:6.0.7]
	at org.springframework.beans.factory.support.AbstractAutowireCapableBeanFactory.createBean(AbstractAutowireCapableBeanFactory.java:520) ~[spring-beans-6.0.7.jar:6.0.7]
	at org.springframework.beans.factory.support.AbstractBeanFactory.lambda$doGetBean$0(AbstractBeanFactory.java:326) ~[spring-beans-6.0.7.jar:6.0.7]
	at org.springframework.beans.factory.support.DefaultSingletonBeanRegistry.getSingleton(DefaultSingletonBeanRegistry.java:234) ~[spring-beans-6.0.7.jar:6.0.7]
	at org.springframework.beans.factory.support.AbstractBeanFactory.doGetBean(AbstractBeanFactory.java:324) ~[spring-beans-6.0.7.jar:6.0.7]
	at org.springframework.beans.factory.support.AbstractBeanFactory.getBean(AbstractBeanFactory.java:205) ~[spring-beans-6.0.7.jar:6.0.7]
	at org.springframework.boot.web.servlet.context.ServletWebServerApplicationContext.getWebServerFactory(ServletWebServerApplicationContext.java:218) ~[spring-boot-3.0.5.jar:3.0.5]
	at org.springframework.boot.web.servlet.context.ServletWebServerApplicationContext.createWebServer(ServletWebServerApplicationContext.java:181) ~[spring-boot-3.0.5.jar:3.0.5]
	at org.springframework.boot.web.servlet.context.ServletWebServerApplicationContext.onRefresh(ServletWebServerApplicationContext.java:161) ~[spring-boot-3.0.5.jar:3.0.5]
	at org.springframework.context.support.AbstractApplicationContext.refresh(AbstractApplicationContext.java:578) ~[spring-context-6.0.7.jar:6.0.7]
	at org.springframework.boot.web.servlet.context.ServletWebServerApplicationContext.refresh(ServletWebServerApplicationContext.java:146) ~[spring-boot-3.0.5.jar:3.0.5]
	at org.springframework.boot.SpringApplication.refresh(SpringApplication.java:732) ~[spring-boot-3.0.5.jar:3.0.5]
	at org.springframework.boot.SpringApplication.refreshContext(SpringApplication.java:434) ~[spring-boot-3.0.5.jar:3.0.5]
	at org.springframework.boot.SpringApplication.run(SpringApplication.java:310) ~[spring-boot-3.0.5.jar:3.0.5]
	at org.springframework.boot.SpringApplication.run(SpringApplication.java:1304) ~[spring-boot-3.0.5.jar:3.0.5]
	at org.springframework.boot.SpringApplication.run(SpringApplication.java:1293) ~[spring-boot-3.0.5.jar:3.0.5]
	at com.ff.FierceFashionsApplication.main(FierceFashionsApplication.java:10) ~[classes/:na]
	at java.base/jdk.internal.reflect.DirectMethodHandleAccessor.invoke(DirectMethodHandleAccessor.java:104) ~[na:na]
	at java.base/java.lang.reflect.Method.invoke(Method.java:578) ~[na:na]
	at org.springframework.boot.devtools.restart.RestartLauncher.run(RestartLauncher.java:49) ~[spring-boot-devtools-3.0.5.jar:3.0.5]

2023-04-09T16:03:04.638+07:00  INFO 20216 --- [restartedMain] o.s.b.w.embedded.tomcat.TomcatWebServer  : Tomcat initialized with port(s): 6969 (http)
2023-04-09T16:03:04.652+07:00  INFO 20216 --- [restartedMain] o.apache.catalina.core.StandardService   : Starting service [Tomcat]
2023-04-09T16:03:04.653+07:00  INFO 20216 --- [restartedMain] o.apache.catalina.core.StandardEngine    : Starting Servlet engine: [Apache Tomcat/10.1.7]
2023-04-09T16:03:04.770+07:00  INFO 20216 --- [restartedMain] o.a.c.c.C.[Tomcat].[localhost].[/]       : Initializing Spring embedded WebApplicationContext
2023-04-09T16:03:04.771+07:00  INFO 20216 --- [restartedMain] w.s.c.ServletWebServerApplicationContext : Root WebApplicationContext: initialization completed in 1633 ms
2023-04-09T16:03:04.938+07:00  INFO 20216 --- [restartedMain] o.hibernate.jpa.internal.util.LogHelper  : HHH000204: Processing PersistenceUnitInfo [name: default]
2023-04-09T16:03:04.993+07:00  INFO 20216 --- [restartedMain] org.hibernate.Version                    : HHH000412: Hibernate ORM core version 6.1.7.Final
2023-04-09T16:03:05.323+07:00  INFO 20216 --- [restartedMain] com.zaxxer.hikari.HikariDataSource       : HikariPool-1 - Starting...
2023-04-09T16:03:07.165+07:00  INFO 20216 --- [restartedMain] com.zaxxer.hikari.pool.HikariPool        : HikariPool-1 - Added connection org.postgresql.jdbc.PgConnection@1567b693
2023-04-09T16:03:07.167+07:00  INFO 20216 --- [restartedMain] com.zaxxer.hikari.HikariDataSource       : HikariPool-1 - Start completed.
2023-04-09T16:03:07.937+07:00  INFO 20216 --- [restartedMain] SQL dialect                              : HHH000400: Using dialect: org.hibernate.dialect.PostgreSQLDialect
2023-04-09T16:03:15.067+07:00  INFO 20216 --- [restartedMain] o.h.e.t.j.p.i.JtaPlatformInitiator       : HHH000490: Using JtaPlatform implementation: [org.hibernate.engine.transaction.jta.platform.internal.NoJtaPlatform]
2023-04-09T16:03:15.079+07:00  INFO 20216 --- [restartedMain] j.LocalContainerEntityManagerFactoryBean : Initialized JPA EntityManagerFactory for persistence unit 'default'
2023-04-09T16:03:15.687+07:00  WARN 20216 --- [restartedMain] JpaBaseConfiguration$JpaWebConfiguration : spring.jpa.open-in-view is enabled by default. Therefore, database queries may be performed during view rendering. Explicitly configure spring.jpa.open-in-view to disable this warning
2023-04-09T16:03:16.415+07:00  INFO 20216 --- [restartedMain] o.s.s.web.DefaultSecurityFilterChain     : Will secure any request with [org.springframework.security.web.session.DisableEncodeUrlFilter@1eab0129, org.springframework.security.web.context.request.async.WebAsyncManagerIntegrationFilter@364096e1, org.springframework.security.web.context.SecurityContextHolderFilter@54a46dfc, org.springframework.security.web.header.HeaderWriterFilter@560a7bf7, com.ff.config.HeaderSettingFilter@79fdd5cc, org.springframework.security.web.authentication.logout.LogoutFilter@14a346e1, com.ff.config.JwtAuthenticationFilter@11a9373b, org.springframework.security.web.savedrequest.RequestCacheAwareFilter@5cbf297d, org.springframework.security.web.servletapi.SecurityContextHolderAwareRequestFilter@25522678, org.springframework.security.web.authentication.AnonymousAuthenticationFilter@1f47ddb4, org.springframework.security.web.session.SessionManagementFilter@5b5ce570, org.springframework.security.web.access.ExceptionTranslationFilter@e001dae, org.springframework.security.web.access.intercept.AuthorizationFilter@60f9074a]
2023-04-09T16:03:16.654+07:00  INFO 20216 --- [restartedMain] o.s.b.d.a.OptionalLiveReloadServer       : LiveReload server is running on port 35729
2023-04-09T16:03:16.699+07:00  INFO 20216 --- [restartedMain] o.s.b.w.embedded.tomcat.TomcatWebServer  : Tomcat started on port(s): 6969 (http) with context path ''
2023-04-09T16:03:16.711+07:00  INFO 20216 --- [restartedMain] com.ff.FierceFashionsApplication         : Started FierceFashionsApplication in 14.074 seconds (process running for 15.125)
2023-04-09T16:03:29.797+07:00  INFO 20216 --- [http-nio-6969-exec-2] o.a.c.c.C.[Tomcat].[localhost].[/]       : Initializing Spring DispatcherServlet 'dispatcherServlet'
2023-04-09T16:03:29.797+07:00  INFO 20216 --- [http-nio-6969-exec-2] o.s.web.servlet.DispatcherServlet        : Initializing Servlet 'dispatcherServlet'
2023-04-09T16:03:29.798+07:00  INFO 20216 --- [http-nio-6969-exec-2] o.s.web.servlet.DispatcherServlet        : Completed initialization in 1 ms
2023-04-09T16:03:30.757+07:00  INFO 20216 --- [http-nio-6969-exec-2] c.f.s.impl.AuthenticationServiceImpl     : Login SUCCESS
2023-04-09T16:03:50.480+07:00  INFO 20216 --- [http-nio-6969-exec-4] c.f.s.impl.AuthenticationServiceImpl     : Login SUCCESS
2023-04-09T16:04:21.556+07:00  INFO 20216 --- [SpringApplicationShutdownHook] j.LocalContainerEntityManagerFactoryBean : Closing JPA EntityManagerFactory for persistence unit 'default'
2023-04-09T16:04:21.562+07:00  INFO 20216 --- [SpringApplicationShutdownHook] com.zaxxer.hikari.HikariDataSource       : HikariPool-1 - Shutdown initiated...
2023-04-09T16:04:23.232+07:00  INFO 20216 --- [SpringApplicationShutdownHook] com.zaxxer.hikari.HikariDataSource       : HikariPool-1 - Shutdown completed.
